[debug] [2022-08-19T19:40:28.421Z] ----------------------------------------------------------------------
[debug] [2022-08-19T19:40:28.423Z] Command:       C:\Program Files\nodejs\node.exe C:\Users\Chuli\AppData\Roaming\npm\node_modules\firebase-tools\lib\bin\firebase.js init
[debug] [2022-08-19T19:40:28.424Z] CLI Version:   11.7.0
[debug] [2022-08-19T19:40:28.424Z] Platform:      win32
[debug] [2022-08-19T19:40:28.424Z] Node Version:  v16.14.0
[debug] [2022-08-19T19:40:28.425Z] Time:          Fri Aug 19 2022 16:40:28 GMT-0300 (hora estándar de Argentina)
[debug] [2022-08-19T19:40:28.425Z] ----------------------------------------------------------------------
[debug] 
[debug] [2022-08-19T19:40:28.434Z] > command requires scopes: ["email","openid","https://www.googleapis.com/auth/cloudplatformprojects.readonly","https://www.googleapis.com/auth/firebase","https://www.googleapis.com/auth/cloud-platform"]
[debug] [2022-08-19T19:40:28.435Z] > authorizing via signed-in user (heavygunneralv17@gmail.com)
[info] 
     ######## #### ########  ######## ########     ###     ######  ########
     ##        ##  ##     ## ##       ##     ##  ##   ##  ##       ##
     ######    ##  ########  ######   ########  #########  ######  ######
     ##        ##  ##    ##  ##       ##     ## ##     ##       ## ##
     ##       #### ##     ## ######## ########  ##     ##  ######  ########

You're about to initialize a Firebase project in this directory:

  D:\Yo Programo -  Portfolio\portfolio

[info] 
=== Project Setup
[info] 
[info] First, let's associate this project directory with a Firebase project.
[info] You can create multiple project aliases by running firebase use --add, 
[info] but for now we'll just set up a default project.
[info] 
[info] i  If you want to create a project in a Google Cloud organization or folder, please use "firebase projects:create" instead, and return to this command when you've created the project. 
[debug] [2022-08-19T19:41:30.622Z] >>> [apiv2][query] POST https://cloudresourcemanager.googleapis.com/v1/projects [none]
[debug] [2022-08-19T19:41:30.622Z] >>> [apiv2][body] POST https://cloudresourcemanager.googleapis.com/v1/projects {"projectId":"portfolio","name":"portf"}
[debug] [2022-08-19T19:41:31.669Z] <<< [apiv2][status] POST https://cloudresourcemanager.googleapis.com/v1/projects 409
[debug] [2022-08-19T19:41:31.669Z] <<< [apiv2][body] POST https://cloudresourcemanager.googleapis.com/v1/projects {"error":{"code":409,"message":"Requested entity already exists","status":"ALREADY_EXISTS"}}
[debug] [2022-08-19T19:41:31.826Z] FirebaseError: HTTP Error: 409, Requested entity already exists
    at responseToError (C:\Users\Chuli\AppData\Roaming\npm\node_modules\firebase-tools\lib\responseToError.js:49:12)
    at RetryOperation._fn (C:\Users\Chuli\AppData\Roaming\npm\node_modules\firebase-tools\lib\apiv2.js:288:77)
    at processTicksAndRejections (node:internal/process/task_queues:96:5)
[error] 
[error] Error: Failed to create project because there is already a project with ID portfolio. Please try again with a unique project ID.
[debug] [2022-08-19T19:41:53.733Z] ----------------------------------------------------------------------
[debug] [2022-08-19T19:41:53.735Z] Command:       C:\Program Files\nodejs\node.exe C:\Users\Chuli\AppData\Roaming\npm\node_modules\firebase-tools\lib\bin\firebase.js init
[debug] [2022-08-19T19:41:53.736Z] CLI Version:   11.7.0
[debug] [2022-08-19T19:41:53.736Z] Platform:      win32
[debug] [2022-08-19T19:41:53.736Z] Node Version:  v16.14.0
[debug] [2022-08-19T19:41:53.737Z] Time:          Fri Aug 19 2022 16:41:53 GMT-0300 (hora estándar de Argentina)
[debug] [2022-08-19T19:41:53.738Z] ----------------------------------------------------------------------
[debug] 
[debug] [2022-08-19T19:41:53.746Z] > command requires scopes: ["email","openid","https://www.googleapis.com/auth/cloudplatformprojects.readonly","https://www.googleapis.com/auth/firebase","https://www.googleapis.com/auth/cloud-platform"]
[debug] [2022-08-19T19:41:53.747Z] > authorizing via signed-in user (heavygunneralv17@gmail.com)
[info] 
     ######## #### ########  ######## ########     ###     ######  ########
     ##        ##  ##     ## ##       ##     ##  ##   ##  ##       ##
     ######    ##  ########  ######   ########  #########  ######  ######
     ##        ##  ##    ##  ##       ##     ## ##     ##       ## ##
     ##       #### ##     ## ######## ########  ##     ##  ######  ########

You're about to initialize a Firebase project in this directory:

  D:\Yo Programo -  Portfolio\portfolio

[info] 
=== Project Setup
[info] 
[info] First, let's associate this project directory with a Firebase project.
[info] You can create multiple project aliases by running firebase use --add, 
[info] but for now we'll just set up a default project.
[info] 
[info] i  If you want to create a project in a Google Cloud organization or folder, please use "firebase projects:create" instead, and return to this command when you've created the project. 
[debug] [2022-08-19T19:42:39.053Z] ----------------------------------------------------------------------
[debug] [2022-08-19T19:42:39.056Z] Command:       C:\Program Files\nodejs\node.exe C:\Users\Chuli\AppData\Roaming\npm\node_modules\firebase-tools\lib\bin\firebase.js init
[debug] [2022-08-19T19:42:39.056Z] CLI Version:   11.7.0
[debug] [2022-08-19T19:42:39.056Z] Platform:      win32
[debug] [2022-08-19T19:42:39.057Z] Node Version:  v16.14.0
[debug] [2022-08-19T19:42:39.058Z] Time:          Fri Aug 19 2022 16:42:39 GMT-0300 (hora estándar de Argentina)
[debug] [2022-08-19T19:42:39.058Z] ----------------------------------------------------------------------
[debug] 
[debug] [2022-08-19T19:42:39.066Z] > command requires scopes: ["email","openid","https://www.googleapis.com/auth/cloudplatformprojects.readonly","https://www.googleapis.com/auth/firebase","https://www.googleapis.com/auth/cloud-platform"]
[debug] [2022-08-19T19:42:39.067Z] > authorizing via signed-in user (heavygunneralv17@gmail.com)
[info] 
     ######## #### ########  ######## ########     ###     ######  ########
     ##        ##  ##     ## ##       ##     ##  ##   ##  ##       ##
     ######    ##  ########  ######   ########  #########  ######  ######
     ##        ##  ##    ##  ##       ##     ## ##     ##       ## ##
     ##       #### ##     ## ######## ########  ##     ##  ######  ########

You're about to initialize a Firebase project in this directory:

  D:\Yo Programo -  Portfolio\portfolio

[info] 
=== Project Setup
[info] 
[info] First, let's associate this project directory with a Firebase project.
[info] You can create multiple project aliases by running firebase use --add, 
[info] but for now we'll just set up a default project.
[info] 
[info] i  If you want to create a project in a Google Cloud organization or folder, please use "firebase projects:create" instead, and return to this command when you've created the project. 
[debug] [2022-08-19T19:43:13.400Z] >>> [apiv2][query] POST https://cloudresourcemanager.googleapis.com/v1/projects [none]
[debug] [2022-08-19T19:43:13.400Z] >>> [apiv2][body] POST https://cloudresourcemanager.googleapis.com/v1/projects {"projectId":"123port456folio","name":"ProyectArgentinaPrograma"}
[debug] [2022-08-19T19:43:14.335Z] <<< [apiv2][status] POST https://cloudresourcemanager.googleapis.com/v1/projects 400
[debug] [2022-08-19T19:43:14.335Z] <<< [apiv2][body] POST https://cloudresourcemanager.googleapis.com/v1/projects {"error":{"code":400,"message":"field [project_id] has issue [project_id contains invalid characters]","status":"INVALID_ARGUMENT","details":[{"@type":"type.googleapis.com/google.rpc.BadRequest","fieldViolations":[{"field":"project_id","description":"project_id contains invalid characters"}]},{"@type":"type.googleapis.com/google.rpc.Help","links":[{"url":"https://cloud.google.com/resource-manager/reference/rest/v1/projects"}]}]}}
[debug] [2022-08-19T19:43:14.452Z] FirebaseError: HTTP Error: 400, field [project_id] has issue [project_id contains invalid characters]
    at responseToError (C:\Users\Chuli\AppData\Roaming\npm\node_modules\firebase-tools\lib\responseToError.js:49:12)
    at RetryOperation._fn (C:\Users\Chuli\AppData\Roaming\npm\node_modules\firebase-tools\lib\apiv2.js:288:77)
    at processTicksAndRejections (node:internal/process/task_queues:96:5)
[error] 
[error] Error: Failed to create project. See firebase-debug.log for more info.
